2025-12-03 19:23:39 INFO TalentoTech: Relizando la solitud GET a https://reqres.in/api/users 
2025-12-03 19:23:40 INFO TalentoTech: Status code: 403
2025-12-03 19:28:27 INFO TalentoTech: Relizando la solitud GET a https://reqres.in/api/users 
2025-12-03 19:28:28 INFO TalentoTech: Status code: 403
2025-12-03 20:14:35 INFO TalentoTech: Ejecutando GET: https://reqres.in/api/users/2
2025-12-03 20:14:36 INFO TalentoTech: Status: 403
2025-12-03 20:14:36 INFO TalentoTech: Ejecutando POST a https://reqres.in/api/users con payload {'name': 'Brenda', 'job': 'Alumna'}
2025-12-03 20:14:37 INFO TalentoTech: Ejecutando DELETE: https://reqres.in/api/users/2
2025-12-03 20:25:44 INFO TalentoTech: GET → https://jsonplaceholder.typicode.com/users/1
2025-12-03 20:25:45 INFO TalentoTech: POST → https://jsonplaceholder.typicode.com/users payload={'name': 'Brenda', 'username': 'alumna', 'email': 'brenda@example.com'}
2025-12-03 20:25:46 INFO TalentoTech: DELETE → https://jsonplaceholder.typicode.com/users/1
2025-12-03 21:05:43 INFO TalentoTech: Realizando la solitud GET a https://jsonplaceholder.typicode.com/users/1
2025-12-03 21:05:43 INFO TalentoTech: Realizando solicitud post https://jsonplaceholder.typicode.com/users payload={'name': 'Brenda', 'username': 'alumna', 'email': 'brenda@ejemplo.com'}
2025-12-03 21:05:44 INFO TalentoTech: JSON POST: {'name': 'Brenda', 'username': 'alumna', 'email': 'brenda@ejemplo.com', 'id': 11}
2025-12-03 21:09:40 INFO TalentoTech: Realizando la solitud GET a https://jsonplaceholder.typicode.com/users/1
2025-12-03 21:09:40 INFO TalentoTech: Realizando solicitud post https://jsonplaceholder.typicode.com/users payload={'name': 'Brenda', 'username': 'alumna', 'email': 'brenda@ejemplo.com'}
2025-12-03 21:09:41 INFO TalentoTech: JSON POST: {'name': 'Brenda', 'username': 'alumna', 'email': 'brenda@ejemplo.com', 'id': 11}
2025-12-03 21:09:41 INFO TalentoTech: Se solicita DELETE https://jsonplaceholder.typicode.com/users/1
2025-12-03 21:09:42 INFO TalentoTech: Status DELETE : 200
2025-12-10 14:13:25 INFO TalentoTech: Iniciando test de checkout completo
2025-12-10 14:13:26 INFO TalentoTech: Completando información de envío
2025-12-10 14:14:45 INFO TalentoTech: Iniciando test de checkout completo
2025-12-10 14:14:45 INFO TalentoTech: Completando información de envío
2025-12-10 14:20:13 INFO TalentoTech: Iniciando test de checkout completo
2025-12-10 14:20:13 INFO TalentoTech: Completando información de envío
2025-12-10 14:22:20 INFO TalentoTech: Iniciando test de checkout completo
2025-12-10 14:22:20 INFO TalentoTech: Completando información de envío
2025-12-10 14:22:21 INFO TalentoTech: Mensaje obtenido: Thank you for your order!
2025-12-10 14:27:30 INFO TalentoTech: Realizando la solitud GET a https://jsonplaceholder.typicode.com/users/1
2025-12-10 14:27:30 INFO TalentoTech: Realizando solicitud post https://jsonplaceholder.typicode.com/users payload={'name': 'Brenda', 'username': 'alumna', 'email': 'brenda@ejemplo.com'}
2025-12-10 14:27:31 INFO TalentoTech: JSON POST: {'name': 'Brenda', 'username': 'alumna', 'email': 'brenda@ejemplo.com', 'id': 11}
2025-12-10 14:27:31 INFO TalentoTech: Se solicita DELETE https://jsonplaceholder.typicode.com/users/1
2025-12-10 14:27:32 INFO TalentoTech: Status DELETE : 200
2025-12-10 14:27:38 INFO TalentoTech: Iniciando test de checkout completo
2025-12-10 14:27:38 INFO TalentoTech: Completando información de envío
2025-12-10 14:27:39 INFO TalentoTech: Mensaje obtenido: Thank you for your order!
2025-12-10 14:32:13 INFO TalentoTech: Realizando la solitud GET a https://jsonplaceholder.typicode.com/users/1
2025-12-10 14:32:13 INFO TalentoTech: Realizando solicitud post https://jsonplaceholder.typicode.com/users payload={'name': 'Brenda', 'username': 'alumna', 'email': 'brenda@ejemplo.com'}
2025-12-10 14:32:14 INFO TalentoTech: JSON POST: {'name': 'Brenda', 'username': 'alumna', 'email': 'brenda@ejemplo.com', 'id': 11}
2025-12-10 14:32:14 INFO TalentoTech: Se solicita DELETE https://jsonplaceholder.typicode.com/users/1
2025-12-10 14:32:15 INFO TalentoTech: Status DELETE : 200
2025-12-10 14:32:19 INFO TalentoTech: Iniciando test de checkout completo
2025-12-10 14:32:19 INFO TalentoTech: Completando información de envío
2025-12-10 14:32:20 INFO TalentoTech: Mensaje obtenido: Thank you for your order!
2025-12-10 14:42:51 INFO TalentoTech: Realizando la solitud GET a https://jsonplaceholder.typicode.com/users/1
2025-12-10 14:42:51 INFO TalentoTech: Realizando solicitud post https://jsonplaceholder.typicode.com/users payload={'name': 'Brenda', 'username': 'alumna', 'email': 'brenda@ejemplo.com'}
2025-12-10 14:42:52 INFO TalentoTech: JSON POST: {'name': 'Brenda', 'username': 'alumna', 'email': 'brenda@ejemplo.com', 'id': 11}
2025-12-10 14:42:52 INFO TalentoTech: Se solicita DELETE https://jsonplaceholder.typicode.com/users/1
2025-12-10 14:42:53 INFO TalentoTech: Status DELETE : 200
2025-12-10 14:42:57 INFO TalentoTech: Iniciando test de checkout completo
2025-12-10 14:42:57 INFO TalentoTech: Completando información de envío
2025-12-10 14:42:57 INFO TalentoTech: Mensaje obtenido: Thank you for your order!
2025-12-10 15:03:32 INFO TalentoTech: Realizando la solitud GET a https://jsonplaceholder.typicode.com/users/1
2025-12-10 15:03:33 INFO TalentoTech: Realizando solicitud post https://jsonplaceholder.typicode.com/users payload={'name': 'Brenda', 'username': 'alumna', 'email': 'brenda@ejemplo.com'}
2025-12-10 15:03:34 INFO TalentoTech: JSON POST: {'name': 'Brenda', 'username': 'alumna', 'email': 'brenda@ejemplo.com', 'id': 11}
2025-12-10 15:03:34 INFO TalentoTech: Se solicita DELETE https://jsonplaceholder.typicode.com/users/1
2025-12-10 15:03:34 INFO TalentoTech: Status DELETE : 200
2025-12-10 15:03:39 INFO TalentoTech: Iniciando test de checkout completo
2025-12-10 15:03:39 INFO TalentoTech: Completando información de envío
2025-12-10 15:03:39 INFO TalentoTech: Mensaje obtenido: Thank you for your order!
2025-12-10 15:15:08 INFO TalentoTech: Realizando la solitud GET a https://jsonplaceholder.typicode.com/users/1
2025-12-10 15:15:08 INFO TalentoTech: Realizando solicitud post https://jsonplaceholder.typicode.com/users payload={'name': 'Brenda', 'username': 'alumna', 'email': 'brenda@ejemplo.com'}
2025-12-10 15:15:09 INFO TalentoTech: JSON POST: {'name': 'Brenda', 'username': 'alumna', 'email': 'brenda@ejemplo.com', 'id': 11}
2025-12-10 15:15:09 INFO TalentoTech: Se solicita DELETE https://jsonplaceholder.typicode.com/users/1
2025-12-10 15:15:10 INFO TalentoTech: Status DELETE : 200
2025-12-10 15:15:14 INFO TalentoTech: Iniciando test de checkout completo
2025-12-10 15:15:14 INFO TalentoTech: Completando información de envío
2025-12-10 15:15:14 INFO TalentoTech: Mensaje obtenido: Thank you for your order!
2025-12-10 15:18:35 INFO TalentoTech: Realizando la solitud GET a https://jsonplaceholder.typicode.com/users/1
2025-12-10 15:18:35 INFO TalentoTech: Realizando solicitud post https://jsonplaceholder.typicode.com/users payload={'name': 'Brenda', 'username': 'alumna', 'email': 'brenda@ejemplo.com'}
2025-12-10 15:18:36 INFO TalentoTech: JSON POST: {'name': 'Brenda', 'username': 'alumna', 'email': 'brenda@ejemplo.com', 'id': 11}
2025-12-10 15:18:36 INFO TalentoTech: Se solicita DELETE https://jsonplaceholder.typicode.com/users/1
2025-12-10 15:18:37 INFO TalentoTech: Status DELETE : 200
2025-12-10 15:18:41 INFO TalentoTech: Iniciando test de checkout completo
2025-12-10 15:18:41 INFO TalentoTech: Completando información de envío
2025-12-10 15:18:41 INFO TalentoTech: Mensaje obtenido: Thank you for your order!
2025-12-10 15:20:30 INFO TalentoTech: Realizando la solitud GET a https://jsonplaceholder.typicode.com/users/1
2025-12-10 15:20:31 INFO TalentoTech: Realizando solicitud post https://jsonplaceholder.typicode.com/users payload={'name': 'Brenda', 'username': 'alumna', 'email': 'brenda@ejemplo.com'}
2025-12-10 15:20:32 INFO TalentoTech: JSON POST: {'name': 'Brenda', 'username': 'alumna', 'email': 'brenda@ejemplo.com', 'id': 11}
2025-12-10 15:20:32 INFO TalentoTech: Se solicita DELETE https://jsonplaceholder.typicode.com/users/1
2025-12-10 15:20:32 INFO TalentoTech: Status DELETE : 200
2025-12-10 15:20:37 INFO TalentoTech: Iniciando test de checkout completo
2025-12-10 15:20:37 INFO TalentoTech: Completando información de envío
2025-12-10 15:20:37 INFO TalentoTech: Mensaje obtenido: Thank you for your order!
2025-12-10 15:23:29 INFO TalentoTech: Realizando la solitud GET a https://jsonplaceholder.typicode.com/users/1
2025-12-10 15:23:29 INFO TalentoTech: Realizando solicitud post https://jsonplaceholder.typicode.com/users payload={'name': 'Brenda', 'username': 'alumna', 'email': 'brenda@ejemplo.com'}
2025-12-10 15:23:30 INFO TalentoTech: JSON POST: {'name': 'Brenda', 'username': 'alumna', 'email': 'brenda@ejemplo.com', 'id': 11}
2025-12-10 15:23:30 INFO TalentoTech: Se solicita DELETE https://jsonplaceholder.typicode.com/users/1
2025-12-10 15:23:30 INFO TalentoTech: Status DELETE : 200
2025-12-10 15:23:34 INFO TalentoTech: Iniciando test de checkout completo
2025-12-10 15:23:35 INFO TalentoTech: Completando información de envío
2025-12-10 15:23:35 INFO TalentoTech: Mensaje obtenido: Thank you for your order!
2025-12-10 15:26:06 INFO TalentoTech: Realizando la solitud GET a https://jsonplaceholder.typicode.com/users/1
2025-12-10 15:26:07 INFO TalentoTech: Realizando solicitud post https://jsonplaceholder.typicode.com/users payload={'name': 'Brenda', 'username': 'alumna', 'email': 'brenda@ejemplo.com'}
2025-12-10 15:26:08 INFO TalentoTech: JSON POST: {'name': 'Brenda', 'username': 'alumna', 'email': 'brenda@ejemplo.com', 'id': 11}
2025-12-10 15:26:08 INFO TalentoTech: Se solicita DELETE https://jsonplaceholder.typicode.com/users/1
2025-12-10 15:26:08 INFO TalentoTech: Status DELETE : 200
2025-12-10 15:26:12 INFO TalentoTech: Iniciando test de checkout completo
2025-12-10 15:26:13 INFO TalentoTech: Completando información de envío
2025-12-10 15:26:13 INFO TalentoTech: Mensaje obtenido: Thank you for your order!
2025-12-10 15:28:58 INFO TalentoTech: Realizando la solitud GET a https://jsonplaceholder.typicode.com/users/1
2025-12-10 15:28:59 INFO TalentoTech: Realizando solicitud post https://jsonplaceholder.typicode.com/users payload={'name': 'Brenda', 'username': 'alumna', 'email': 'brenda@ejemplo.com'}
2025-12-10 15:28:59 INFO TalentoTech: JSON POST: {'name': 'Brenda', 'username': 'alumna', 'email': 'brenda@ejemplo.com', 'id': 11}
2025-12-10 15:28:59 INFO TalentoTech: Se solicita DELETE https://jsonplaceholder.typicode.com/users/1
2025-12-10 15:29:00 INFO TalentoTech: Status DELETE : 200
2025-12-10 15:29:04 INFO TalentoTech: Iniciando test de checkout completo
2025-12-10 15:29:05 INFO TalentoTech: Completando información de envío
2025-12-10 15:29:05 INFO TalentoTech: Mensaje obtenido: Thank you for your order!
2025-12-10 15:31:01 INFO TalentoTech: Realizando la solitud GET a https://jsonplaceholder.typicode.com/users/1
2025-12-10 15:31:01 INFO TalentoTech: Realizando solicitud post https://jsonplaceholder.typicode.com/users payload={'name': 'Brenda', 'username': 'alumna', 'email': 'brenda@ejemplo.com'}
2025-12-10 15:31:02 INFO TalentoTech: JSON POST: {'name': 'Brenda', 'username': 'alumna', 'email': 'brenda@ejemplo.com', 'id': 11}
2025-12-10 15:31:02 INFO TalentoTech: Se solicita DELETE https://jsonplaceholder.typicode.com/users/1
2025-12-10 15:31:03 INFO TalentoTech: Status DELETE : 200
2025-12-10 15:31:07 INFO TalentoTech: Iniciando test de checkout completo
2025-12-10 15:31:07 INFO TalentoTech: Completando información de envío
2025-12-10 15:31:07 INFO TalentoTech: Mensaje obtenido: Thank you for your order!
2025-12-10 21:20:10 INFO TalentoTech: Login correcto con usuario standard_user
2025-12-10 21:20:17 INFO TalentoTech: Error correctamente mostrado para 'locked_out_user'
2025-12-10 21:20:24 INFO TalentoTech: Login correcto con usuario problem_user
2025-12-10 21:20:31 INFO TalentoTech: Error correctamente mostrado para 'usuario_malo'
2025-12-10 21:20:38 INFO TalentoTech: El título en la página es 'Products'
2025-12-10 21:20:39 INFO TalentoTech: Se encontraron 6 productos
2025-12-10 21:20:39 INFO TalentoTech: Primer producto: Sauce Labs Backpack - $29.99
2025-12-10 21:20:39 INFO TalentoTech: El menú está disponible
2025-12-10 21:20:39 INFO TalentoTech: El filtro está ok
2025-12-10 21:20:39 INFO TalentoTech: Está el carrito
2025-12-10 21:20:45 INFO TalentoTech: Productos esperados del Json: ['Sauce Labs Backpack', 'Sauce Labs Bike Light', 'Sauce Labs Bolt T-Shirt', 'Sauce Labs Hoodie']
2025-12-10 21:20:45 INFO TalentoTech: Productos encontrados en página: ['Sauce Labs Backpack', 'Sauce Labs Bike Light', 'Sauce Labs Bolt T-Shirt', 'Sauce Labs Fleece Jacket', 'Sauce Labs Onesie', 'Test.allTheThings() T-Shirt (Red)']
2025-12-10 21:20:53 INFO TalentoTech: Producto agregado. Badge muestra: 1
2025-12-10 21:20:53 INFO TalentoTech: Producto verificado en carrito: Sauce Labs Backpack
2025-12-10 21:20:55 INFO TalentoTech: Realizando la solitud GET a https://jsonplaceholder.typicode.com/users/1
2025-12-10 21:20:56 INFO TalentoTech: Realizando solicitud post https://jsonplaceholder.typicode.com/users payload={'name': 'Brenda', 'username': 'alumna', 'email': 'brenda@ejemplo.com'}
2025-12-10 21:20:56 INFO TalentoTech: JSON POST: {'name': 'Brenda', 'username': 'alumna', 'email': 'brenda@ejemplo.com', 'id': 11}
2025-12-10 21:20:56 INFO TalentoTech: Se solicita DELETE https://jsonplaceholder.typicode.com/users/1
2025-12-10 21:20:57 INFO TalentoTech: Status DELETE : 200
2025-12-10 21:21:01 INFO TalentoTech: Iniciando test de checkout completo
2025-12-10 21:21:02 INFO TalentoTech: Completando información de envío
2025-12-10 21:21:02 INFO TalentoTech: Mensaje obtenido: Thank you for your order!
2025-12-10 21:29:06 INFO TalentoTech: Login correcto con usuario standard_user
2025-12-10 21:29:13 INFO TalentoTech: Error correctamente mostrado para 'locked_out_user'
2025-12-10 21:29:20 INFO TalentoTech: Login correcto con usuario problem_user
2025-12-10 21:29:27 INFO TalentoTech: Error correctamente mostrado para 'usuario_malo'
2025-12-10 21:29:34 INFO TalentoTech: El título en la página es 'Products'
2025-12-10 21:29:34 INFO TalentoTech: Se encontraron 6 productos
2025-12-10 21:29:34 INFO TalentoTech: Primer producto: Sauce Labs Backpack - $29.99
2025-12-10 21:29:34 INFO TalentoTech: El menú está disponible
2025-12-10 21:29:34 INFO TalentoTech: El filtro está ok
2025-12-10 21:29:34 INFO TalentoTech: El carrito está visible
2025-12-10 21:29:40 INFO TalentoTech: Productos esperados del Json: ['Sauce Labs Backpack', 'Sauce Labs Bike Light', 'Sauce Labs Bolt T-Shirt', 'Sauce Labs Hoodie']
2025-12-10 21:29:40 INFO TalentoTech: Productos encontrados en página: ['Sauce Labs Backpack', 'Sauce Labs Bike Light', 'Sauce Labs Bolt T-Shirt', 'Sauce Labs Fleece Jacket', 'Sauce Labs Onesie', 'Test.allTheThings() T-Shirt (Red)']
2025-12-10 21:29:47 INFO TalentoTech: Producto agregado. Badge muestra: 1
2025-12-10 21:29:48 INFO TalentoTech: Producto verificado en carrito: Sauce Labs Backpack
2025-12-10 21:29:50 INFO TalentoTech: Realizando la solitud GET a https://jsonplaceholder.typicode.com/users/1
2025-12-10 21:29:50 INFO TalentoTech: Realizando solicitud post https://jsonplaceholder.typicode.com/users payload={'name': 'Brenda', 'username': 'alumna', 'email': 'brenda@ejemplo.com'}
2025-12-10 21:29:51 INFO TalentoTech: JSON POST: {'name': 'Brenda', 'username': 'alumna', 'email': 'brenda@ejemplo.com', 'id': 11}
2025-12-10 21:29:51 INFO TalentoTech: Se solicita DELETE https://jsonplaceholder.typicode.com/users/1
2025-12-10 21:29:51 INFO TalentoTech: Status DELETE : 200
2025-12-10 21:29:56 INFO TalentoTech: Iniciando test de checkout completo
2025-12-10 21:29:56 INFO TalentoTech: Completando información de envío
2025-12-10 21:29:56 INFO TalentoTech: Mensaje obtenido: Thank you for your order!
2025-12-10 21:35:38 INFO TalentoTech: Login correcto con usuario standard_user
2025-12-10 21:35:45 INFO TalentoTech: Error correctamente mostrado para 'locked_out_user'
2025-12-10 21:35:52 INFO TalentoTech: Login correcto con usuario problem_user
2025-12-10 21:35:59 INFO TalentoTech: Error correctamente mostrado para 'usuario_malo'
2025-12-10 21:36:06 INFO TalentoTech: El título en la página es 'Products'
2025-12-10 21:36:06 INFO TalentoTech: Se encontraron 6 productos
2025-12-10 21:36:06 INFO TalentoTech: Primer producto: Sauce Labs Backpack - $29.99
2025-12-10 21:36:06 INFO TalentoTech: El menú está disponible
2025-12-10 21:36:06 INFO TalentoTech: El filtro está ok
2025-12-10 21:36:06 INFO TalentoTech: El carrito está visible
2025-12-10 21:36:13 INFO TalentoTech: Productos esperados del Json: ['Sauce Labs Backpack', 'Sauce Labs Bike Light', 'Sauce Labs Bolt T-Shirt', 'Sauce Labs Hoodie']
2025-12-10 21:36:13 INFO TalentoTech: Productos encontrados en página: ['Sauce Labs Backpack', 'Sauce Labs Bike Light', 'Sauce Labs Bolt T-Shirt', 'Sauce Labs Fleece Jacket', 'Sauce Labs Onesie', 'Test.allTheThings() T-Shirt (Red)']
2025-12-10 21:36:20 INFO TalentoTech: Producto agregado. Badge muestra: 1
2025-12-10 21:36:21 INFO TalentoTech: Producto verificado en carrito: Sauce Labs Backpack
2025-12-10 21:36:23 INFO TalentoTech: Realizando la solitud GET a https://jsonplaceholder.typicode.com/users/1
2025-12-10 21:36:23 INFO TalentoTech: Realizando solicitud post https://jsonplaceholder.typicode.com/users payload={'name': 'Brenda', 'username': 'alumna', 'email': 'brenda@ejemplo.com'}
2025-12-10 21:36:24 INFO TalentoTech: JSON POST: {'name': 'Brenda', 'username': 'alumna', 'email': 'brenda@ejemplo.com', 'id': 11}
2025-12-10 21:36:24 INFO TalentoTech: Se solicita DELETE https://jsonplaceholder.typicode.com/users/1
2025-12-10 21:36:25 INFO TalentoTech: Status DELETE : 200
2025-12-10 21:36:29 INFO TalentoTech: Iniciando test de checkout completo
2025-12-10 21:36:29 INFO TalentoTech: Completando información de envío
2025-12-10 21:36:30 INFO TalentoTech: Mensaje obtenido: Thank you for your order!
2025-12-10 21:41:18 INFO TalentoTech: Login correcto con usuario standard_user
2025-12-10 21:41:25 INFO TalentoTech: Error correctamente mostrado para 'locked_out_user'
2025-12-10 21:41:33 INFO TalentoTech: Login correcto con usuario problem_user
2025-12-10 21:41:40 INFO TalentoTech: Error correctamente mostrado para 'usuario_malo'
2025-12-10 21:41:47 INFO TalentoTech: El título en la página es 'Products'
2025-12-10 21:41:47 INFO TalentoTech: Se encontraron 6 productos
2025-12-10 21:41:47 INFO TalentoTech: Primer producto: Sauce Labs Backpack - $29.99
2025-12-10 21:41:47 INFO TalentoTech: El menú está disponible
2025-12-10 21:41:47 INFO TalentoTech: El filtro está ok
2025-12-10 21:41:47 INFO TalentoTech: El carrito está visible
2025-12-10 21:41:54 INFO TalentoTech: Productos esperados del Json: ['Sauce Labs Backpack', 'Sauce Labs Bike Light', 'Sauce Labs Bolt T-Shirt', 'Sauce Labs Hoodie']
2025-12-10 21:41:54 INFO TalentoTech: Productos encontrados en página: ['Sauce Labs Backpack', 'Sauce Labs Bike Light', 'Sauce Labs Bolt T-Shirt', 'Sauce Labs Fleece Jacket', 'Sauce Labs Onesie', 'Test.allTheThings() T-Shirt (Red)']
2025-12-10 21:42:02 INFO TalentoTech: Producto agregado. Badge muestra: 1
2025-12-10 21:42:02 INFO TalentoTech: Producto verificado en carrito: Sauce Labs Backpack
2025-12-10 21:42:04 INFO TalentoTech: Realizando la solitud GET a https://jsonplaceholder.typicode.com/users/1
2025-12-10 21:42:05 INFO TalentoTech: Realizando solicitud post https://jsonplaceholder.typicode.com/users payload={'name': 'Brenda', 'username': 'alumna', 'email': 'brenda@ejemplo.com'}
2025-12-10 21:42:06 INFO TalentoTech: JSON POST: {'name': 'Brenda', 'username': 'alumna', 'email': 'brenda@ejemplo.com', 'id': 11}
2025-12-10 21:42:06 INFO TalentoTech: Se solicita DELETE https://jsonplaceholder.typicode.com/users/1
2025-12-10 21:42:06 INFO TalentoTech: Status DELETE : 200
2025-12-10 21:42:11 INFO TalentoTech: Iniciando test de checkout completo
2025-12-10 21:42:12 INFO TalentoTech: Completando información de envío
2025-12-10 21:42:12 INFO TalentoTech: Mensaje obtenido: Thank you for your order!
2025-12-10 23:05:58 INFO TalentoTech: Login correcto con usuario standard_user
2025-12-10 23:06:05 INFO TalentoTech: Error correctamente mostrado para 'locked_out_user'
2025-12-10 23:06:13 INFO TalentoTech: Login correcto con usuario problem_user
2025-12-10 23:06:21 INFO TalentoTech: Error correctamente mostrado para 'usuario_malo'
2025-12-10 23:06:28 INFO TalentoTech: El título en la página es 'Products'
2025-12-10 23:06:28 INFO TalentoTech: Se encontraron 6 productos
2025-12-10 23:06:28 INFO TalentoTech: Primer producto: Sauce Labs Backpack - $29.99
2025-12-10 23:06:28 INFO TalentoTech: El menú está disponible
2025-12-10 23:06:28 INFO TalentoTech: El filtro está ok
2025-12-10 23:06:28 INFO TalentoTech: El carrito está visible
2025-12-10 23:06:36 INFO TalentoTech: Productos esperados del Json: ['Sauce Labs Backpack', 'Sauce Labs Bike Light', 'Sauce Labs Bolt T-Shirt', 'Sauce Labs Hoodie']
2025-12-10 23:06:36 INFO TalentoTech: Productos encontrados en página: ['Sauce Labs Backpack', 'Sauce Labs Bike Light', 'Sauce Labs Bolt T-Shirt', 'Sauce Labs Fleece Jacket', 'Sauce Labs Onesie', 'Test.allTheThings() T-Shirt (Red)']
2025-12-10 23:06:44 INFO TalentoTech: Producto agregado. Badge muestra: 1
2025-12-10 23:06:44 INFO TalentoTech: Producto verificado en carrito: Sauce Labs Backpack
2025-12-10 23:06:46 INFO TalentoTech: Realizando la solitud GET a https://jsonplaceholder.typicode.com/users/1
2025-12-10 23:06:47 INFO TalentoTech: Realizando solicitud post https://jsonplaceholder.typicode.com/users payload={'name': 'Brenda', 'username': 'alumna', 'email': 'brenda@ejemplo.com'}
2025-12-10 23:06:48 INFO TalentoTech: JSON POST: {'name': 'Brenda', 'username': 'alumna', 'email': 'brenda@ejemplo.com', 'id': 11}
2025-12-10 23:06:48 INFO TalentoTech: Se solicita DELETE https://jsonplaceholder.typicode.com/users/1
2025-12-10 23:06:48 INFO TalentoTech: Status DELETE : 200
2025-12-10 23:06:53 INFO TalentoTech: Iniciando test de checkout completo
2025-12-10 23:06:54 INFO TalentoTech: Completando información de envío
2025-12-10 23:06:54 INFO TalentoTech: Mensaje obtenido: Thank you for your order!
